#
# A fatal error has been detected by the Java Runtime Environment:
#
#  EXCEPTION_ACCESS_VIOLATION (0xc0000005) at pc=0x7b988bb9, pid=1408, tid=0x00000478
#
# JRE version: Java(TM) SE Runtime Environment (8.0_191-b12) (build 1.8.0_191-b12)
# Java VM: Java HotSpot(TM) Client VM (25.191-b12 mixed mode windows-x86 )
# Problematic frame:
# V  [jvm.dll+0x8bb9]
#
# Failed to write core dump. Minidumps are not enabled by default on client versions of Windows
#
# If you would like to submit a bug report, please visit:
#   http://bugreport.java.com/bugreport/crash.jsp
#

---------------  T H R E A D  ---------------

Current thread (0x25622000):  VMThread [stack: 0x25820000,0x25870000] [id=1144]

siginfo: ExceptionCode=0xc0000005, reading address 0x00000000

Registers:
EAX=0x0000001e, EBX=0x7773e150, ECX=0x00000000, EDX=0x7bc8f100
ESP=0x2586eee8, EBP=0x2586eef0, ESI=0x00000000, EDI=0x7bc8f101
EIP=0x7b988bb9, EFLAGS=0x00010206

Top of Stack: (sp=0x2586eee8)
0x2586eee8:   25622000 2586efb4 2586ef84 7bb43e80
0x2586eef8:   7bc8f100 00000000 00000000 00000000
0x2586ef08:   776f0000 00000000 00000000 00000000
0x2586ef18:   00000000 00000000 2586f5bc 00000000
0x2586ef28:   2586f5b0 00000000 7773e150 00000000
0x2586ef38:   77af5c69 00000000 00000000 00000000
0x2586ef48:   00100008 2586ef90 77abce43 77ba681c
0x2586ef58:   2586f140 2586f0f0 04f0fda0 00000000 

Instructions: (pc=0x7b988bb9)
0x7b988b99:   cc cc cc cc cc cc cc 55 8b ec 8b 55 08 56 8b c2
0x7b988ba9:   57 8b f1 8d 78 01 90 8a 08 40 84 c9 75 f9 2b c7
0x7b988bb9:   8b 3e 50 8b 47 04 52 8b ce ff d0 8b ce e8 75 fd
0x7b988bc9:   19 00 5f 5e 5d c2 04 00 cc cc cc cc cc cc cc cc 


Register to memory mapping:

EAX=
[error occurred during error reporting (printing register info), id 0xc0000005]

Stack: [0x25820000,0x25870000],  sp=0x2586eee8,  free space=315k
Native frames: (J=compiled Java code, j=interpreted, Vv=VM code, C=native code)
V  [jvm.dll+0x8bb9]
V  [jvm.dll+0x1c3e80]
V  [jvm.dll+0x1c57b8]
C  [msvcr100.dll+0x5c556]
C  [msvcr100.dll+0x5c600]
C  [KERNEL32.DLL+0x1fa29]
C  [ntdll.dll+0x675f4]
C  [ntdll.dll+0x675c4]

VM_Operation (0x28cce980): Exit, mode: safepoint, requested by thread 0x269fc800


---------------  P R O C E S S  ---------------

Java Threads: ( => current thread )
  0x28292400 JavaThread "DestroyJavaVM" [_thread_blocked, id=15072, stack(0x02920000,0x02970000)]
  0x28293800 JavaThread "TimerQueue" daemon [_thread_blocked, id=5472, stack(0x2abf0000,0x2ac40000)]
  0x28294400 JavaThread "Batik CleanerThread" daemon [_thread_blocked, id=26224, stack(0x27090000,0x270e0000)]
  0x269fc800 JavaThread "AWT-EventQueue-0" [_thread_blocked, id=19980, stack(0x28c80000,0x28cd0000)]
  0x269ff000 JavaThread "JmDNS(DESKTOP-P060LRC.local.).State.Timer" [_thread_blocked, id=8056, stack(0x28fc0000,0x29010000)]
  0x26a00000 JavaThread "JmDNS(DESKTOP-P060LRC.local.).Timer" daemon [_thread_blocked, id=25500, stack(0x28f30000,0x28f80000)]
  0x269fd000 JavaThread "SocketListener(DESKTOP-P060LRC.local.)" daemon [_thread_in_native, id=24864, stack(0x28ea0000,0x28ef0000)]
  0x269fe800 JavaThread "Multihomed mDNS.Timer" daemon [_thread_blocked, id=10192, stack(0x28bf0000,0x28c40000)]
  0x269fe000 JavaThread "AWT-Shutdown" [_thread_blocked, id=20416, stack(0x26e00000,0x26e50000)]
  0x269fd400 JavaThread "Java2D Disposer" daemon [_thread_blocked, id=18900, stack(0x26d70000,0x26dc0000)]
  0x2568ac00 JavaThread "Service Thread" daemon [_thread_blocked, id=18952, stack(0x26610000,0x26660000)]
  0x25689000 JavaThread "C1 CompilerThread0" daemon [_thread_blocked, id=18080, stack(0x26580000,0x265d0000)]
  0x25687000 JavaThread "Attach Listener" daemon [_thread_blocked, id=19596, stack(0x264f0000,0x26540000)]
  0x2565a800 JavaThread "Signal Dispatcher" daemon [_thread_blocked, id=15852, stack(0x26460000,0x264b0000)]
  0x2563d800 JavaThread "Finalizer" daemon [_thread_blocked, id=25628, stack(0x262d0000,0x26320000)]
  0x25637800 JavaThread "Reference Handler" daemon [_thread_blocked, id=2212, stack(0x26240000,0x26290000)]

Other Threads:
=>0x25622000 VMThread [stack: 0x25820000,0x25870000] [id=1144]

VM state:at safepoint (shutting down)

VM Mutex/Monitor currently owned by a thread:  ([mutex/lock_event])
[0x027707c8] Threads_lock - owner thread: 0x25622000

Heap:
 def new generation   total 66240K, used 42294K [0x05000000, 0x097e0000, 0x0faa0000)
  eden space 58880K,  70% used [0x05000000, 0x078827d8, 0x08980000)
  from space 7360K,  11% used [0x08980000, 0x08a4b240, 0x090b0000)
  to   space 7360K,   0% used [0x090b0000, 0x090b0000, 0x097e0000)
 tenured generation   total 147112K, used 117978K [0x0faa0000, 0x18a4a000, 0x25000000)
   the space 147112K,  80% used [0x0faa0000, 0x16dd69b0, 0x16dd6a00, 0x18a4a000)
 Metaspace       used 24649K, capacity 25161K, committed 25216K, reserved 25984K

Card table byte_map: [0x25000000,0x25110000] byte_map_base: 0x24fd8000

Polling page: 0x00af0000

CodeCache: size=32768Kb used=4265Kb max_used=4265Kb free=28502Kb
 bounds [0x02e50000, 0x03280000, 0x04e50000]
 total_blobs=2733 nmethods=2439 adapters=224
 compilation: enabled

Compilation events (10 events):
Event: 10507.230 Thread 0x25689000 2476             org.slf4j.impl.SimpleLogger::isTraceEnabled (6 bytes)
Event: 10507.230 Thread 0x25689000 nmethod 2476 0x031e2c88 code [0x031e2d80, 0x031e2e20]
Event: 11079.348 Thread 0x25689000 2477             javax.jmdns.impl.DNSMessage::<init> (76 bytes)
Event: 11079.348 Thread 0x25689000 nmethod 2477 0x031f8788 code [0x031f88a0, 0x031f8c60]
Event: 11691.771 Thread 0x25689000 2478   !         javax.jmdns.impl.JmDNSImpl::cleanCache (210 bytes)
Event: 11691.772 Thread 0x25689000 nmethod 2478 0x031cd9c8 code [0x031cdc60, 0x031ce494]
Event: 12159.373 Thread 0x25689000 2479             sun.util.locale.BaseLocale$Key::<init> (305 bytes)
Event: 12159.375 Thread 0x25689000 nmethod 2479 0x0327a588 code [0x0327a740, 0x0327b130]
Event: 12164.061 Thread 0x25689000 2480             sun.util.locale.StringTokenIterator::nextDelimiter (116 bytes)
Event: 12164.061 Thread 0x25689000 nmethod 2480 0x031f7e48 code [0x031f7fa0, 0x031f8294]

GC Heap History (10 events):
Event: 62.093 GC heap before
{Heap before GC invocations=6 (full 2):
 def new generation   total 39424K, used 34916K [0x05000000, 0x07ac0000, 0x0faa0000)
  eden space 35072K,  87% used [0x05000000, 0x06dd92a0, 0x07240000)
  from space 4352K, 100% used [0x07240000, 0x07680000, 0x07680000)
  to   space 4352K,   0% used [0x07680000, 0x07680000, 0x07ac0000)
 tenured generation   total 87424K, used 54693K [0x0faa0000, 0x15000000, 0x25000000)
   the space 87424K,  62% used [0x0faa0000, 0x13009468, 0x13009600, 0x15000000)
 Metaspace       used 23905K, capacity 24427K, committed 24448K, reserved 24960K
Event: 62.103 GC heap after
Heap after GC invocations=7 (full 2):
 def new generation   total 39424K, used 1911K [0x05000000, 0x07ac0000, 0x0faa0000)
  eden space 35072K,   0% used [0x05000000, 0x05000000, 0x07240000)
  from space 4352K,  43% used [0x07680000, 0x0785de40, 0x07ac0000)
  to   space 4352K,   0% used [0x07240000, 0x07240000, 0x07680000)
 tenured generation   total 87424K, used 66722K [0x0faa0000, 0x15000000, 0x25000000)
   the space 87424K,  76% used [0x0faa0000, 0x13bc8b78, 0x13bc8c00, 0x15000000)
 Metaspace       used 23905K, capacity 24427K, committed 24448K, reserved 24960K
}
Event: 62.115 GC heap before
{Heap before GC invocations=7 (full 2):
 def new generation   total 39424K, used 17959K [0x05000000, 0x07ac0000, 0x0faa0000)
  eden space 35072K,  45% used [0x05000000, 0x05fac010, 0x07240000)
  from space 4352K,  43% used [0x07680000, 0x0785de40, 0x07ac0000)
  to   space 4352K,   0% used [0x07240000, 0x07240000, 0x07680000)
 tenured generation   total 87424K, used 66722K [0x0faa0000, 0x15000000, 0x25000000)
   the space 87424K,  76% used [0x0faa0000, 0x13bc8b78, 0x13bc8c00, 0x15000000)
 Metaspace       used 23905K, capacity 24427K, committed 24448K, reserved 24960K
Event: 62.123 GC heap after
Heap after GC invocations=8 (full 2):
 def new generation   total 39424K, used 816K [0x05000000, 0x07ac0000, 0x0faa0000)
  eden space 35072K,   0% used [0x05000000, 0x05000000, 0x07240000)
  from space 4352K,  18% used [0x07240000, 0x0730c3f8, 0x07680000)
  to   space 4352K,   0% used [0x07680000, 0x07680000, 0x07ac0000)
 tenured generation   total 87424K, used 82770K [0x0faa0000, 0x15000000, 0x25000000)
   the space 87424K,  94% used [0x0faa0000, 0x14b74b88, 0x14b74c00, 0x15000000)
 Metaspace       used 23905K, capacity 24427K, committed 24448K, reserved 24960K
}
Event: 62.132 GC heap before
{Heap before GC invocations=8 (full 2):
 def new generation   total 39424K, used 33209K [0x05000000, 0x07ac0000, 0x0faa0000)
  eden space 35072K,  92% used [0x05000000, 0x06fa23c8, 0x07240000)
  from space 4352K,  18% used [0x07240000, 0x0730c3f8, 0x07680000)
  to   space 4352K,   0% used [0x07680000, 0x07680000, 0x07ac0000)
 tenured generation   total 87424K, used 82770K [0x0faa0000, 0x15000000, 0x25000000)
   the space 87424K,  94% used [0x0faa0000, 0x14b74b88, 0x14b74c00, 0x15000000)
 Metaspace       used 23905K, capacity 24427K, committed 24448K, reserved 24960K
Event: 62.222 GC heap after
Heap after GC invocations=9 (full 3):
 def new generation   total 66240K, used 0K [0x05000000, 0x097e0000, 0x0faa0000)
  eden space 58880K,   0% used [0x05000000, 0x05000000, 0x08980000)
  from space 7360K,   0% used [0x08980000, 0x08980000, 0x090b0000)
  to   space 7360K,   0% used [0x090b0000, 0x090b0000, 0x097e0000)
 tenured generation   total 147112K, used 88265K [0x0faa0000, 0x18a4a000, 0x25000000)
   the space 147112K,  59% used [0x0faa0000, 0x150d2400, 0x150d2400, 0x18a4a000)
 Metaspace       used 23905K, capacity 24427K, committed 24448K, reserved 24960K
}
Event: 63.082 GC heap before
{Heap before GC invocations=9 (full 3):
 def new generation   total 66240K, used 58880K [0x05000000, 0x097e0000, 0x0faa0000)
  eden space 58880K, 100% used [0x05000000, 0x08980000, 0x08980000)
  from space 7360K,   0% used [0x08980000, 0x08980000, 0x090b0000)
  to   space 7360K,   0% used [0x090b0000, 0x090b0000, 0x097e0000)
 tenured generation   total 147112K, used 88265K [0x0faa0000, 0x18a4a000, 0x25000000)
   the space 147112K,  59% used [0x0faa0000, 0x150d2400, 0x150d2400, 0x18a4a000)
 Metaspace       used 24440K, capacity 24964K, committed 25088K, reserved 25984K
Event: 63.127 GC heap after
Heap after GC invocations=10 (full 3):
 def new generation   total 66240K, used 7360K [0x05000000, 0x097e0000, 0x0faa0000)
  eden space 58880K,   0% used [0x05000000, 0x05000000, 0x08980000)
  from space 7360K, 100% used [0x090b0000, 0x097e0000, 0x097e0000)
  to   space 7360K,   0% used [0x08980000, 0x08980000, 0x090b0000)
 tenured generation   total 147112K, used 110658K [0x0faa0000, 0x18a4a000, 0x25000000)
   the space 147112K,  75% used [0x0faa0000, 0x166b0978, 0x166b0a00, 0x18a4a000)
 Metaspace       used 24440K, capacity 24964K, committed 25088K, reserved 25984K
}
Event: 5406.690 GC heap before
{Heap before GC invocations=10 (full 3):
 def new generation   total 66240K, used 66240K [0x05000000, 0x097e0000, 0x0faa0000)
  eden space 58880K, 100% used [0x05000000, 0x08980000, 0x08980000)
  from space 7360K, 100% used [0x090b0000, 0x097e0000, 0x097e0000)
  to   space 7360K,   0% used [0x08980000, 0x08980000, 0x090b0000)
 tenured generation   total 147112K, used 110658K [0x0faa0000, 0x18a4a000, 0x25000000)
   the space 147112K,  75% used [0x0faa0000, 0x166b0978, 0x166b0a00, 0x18a4a000)
 Metaspace       used 24638K, capacity 25161K, committed 25216K, reserved 25984K
Event: 5406.727 GC heap after
Heap after GC invocations=11 (full 3):
 def new generation   total 66240K, used 812K [0x05000000, 0x097e0000, 0x0faa0000)
  eden space 58880K,   0% used [0x05000000, 0x05000000, 0x08980000)
  from space 7360K,  11% used [0x08980000, 0x08a4b240, 0x090b0000)
  to   space 7360K,   0% used [0x090b0000, 0x090b0000, 0x097e0000)
 tenured generation   total 147112K, used 117978K [0x0faa0000, 0x18a4a000, 0x25000000)
   the space 147112K,  80% used [0x0faa0000, 0x16dd69b0, 0x16dd6a00, 0x18a4a000)
 Metaspace       used 24638K, capacity 25161K, committed 25216K, reserved 25984K
}

Deoptimization events (0 events):
No events

Classes redefined (0 events):
No events

Internal exceptions (10 events):
Event: 62.427 Thread 0x28299800 Exception <a 'sun/nio/fs/WindowsException'> (0x07f1f3a0) thrown at [C:\workspace\8-2-build-windows-i586-cygwin\jdk8u191\11896\hotspot\src\share\vm\prims\jni.cpp, line 709]
Event: 62.427 Thread 0x28299800 Exception <a 'sun/nio/fs/WindowsException'> (0x07f1fb00) thrown at [C:\workspace\8-2-build-windows-i586-cygwin\jdk8u191\11896\hotspot\src\share\vm\prims\jni.cpp, line 709]
Event: 62.428 Thread 0x28299800 Exception <a 'sun/nio/fs/WindowsException'> (0x07f29c20) thrown at [C:\workspace\8-2-build-windows-i586-cygwin\jdk8u191\11896\hotspot\src\share\vm\prims\jni.cpp, line 709]
Event: 62.428 Thread 0x28299800 Exception <a 'sun/nio/fs/WindowsException'> (0x07f2a380) thrown at [C:\workspace\8-2-build-windows-i586-cygwin\jdk8u191\11896\hotspot\src\share\vm\prims\jni.cpp, line 709]
Event: 62.428 Thread 0x28299800 Exception <a 'sun/nio/fs/WindowsException'> (0x07f35060) thrown at [C:\workspace\8-2-build-windows-i586-cygwin\jdk8u191\11896\hotspot\src\share\vm\prims\jni.cpp, line 709]
Event: 62.428 Thread 0x28299800 Exception <a 'sun/nio/fs/WindowsException'> (0x07f35668) thrown at [C:\workspace\8-2-build-windows-i586-cygwin\jdk8u191\11896\hotspot\src\share\vm\prims\jni.cpp, line 709]
Event: 62.430 Thread 0x28299800 Exception <a 'sun/nio/fs/WindowsException'> (0x07f40940) thrown at [C:\workspace\8-2-build-windows-i586-cygwin\jdk8u191\11896\hotspot\src\share\vm\prims\jni.cpp, line 709]
Event: 62.430 Thread 0x28299800 Exception <a 'sun/nio/fs/WindowsException'> (0x07f40f48) thrown at [C:\workspace\8-2-build-windows-i586-cygwin\jdk8u191\11896\hotspot\src\share\vm\prims\jni.cpp, line 709]
Event: 12165.650 Thread 0x269fc800 Exception <a 'java/lang/NullPointerException'> (0x07732678) thrown at [C:\workspace\8-2-build-windows-i586-cygwin\jdk8u191\11896\hotspot\src\share\vm\interpreter\linkResolver.cpp, line 1185]
Event: 12165.719 Thread 0x28297000 Exception <a 'java/io/IOException'> (0x0785adf0) thrown at [C:\workspace\8-2-build-windows-i586-cygwin\jdk8u191\11896\hotspot\src\share\vm\prims\jni.cpp, line 709]

Events (10 events):
Event: 12165.693 loading class javax/jmdns/impl/tasks/state/Canceler
Event: 12165.695 Thread 0x28292000 Thread exited: 0x28292000
Event: 12165.697 loading class javax/jmdns/impl/tasks/state/Canceler done
Event: 12165.708 Thread 0x28294000 Thread exited: 0x28294000
Event: 12165.708 Executing VM operation: RevokeBias
Event: 12165.709 Executing VM operation: RevokeBias done
Event: 12165.721 Thread 0x28297000 Thread exited: 0x28297000
Event: 12165.725 Thread 0x269ff400 Thread exited: 0x269ff400
Event: 12165.791 Thread 0x28297c00 Thread exited: 0x28297c00
Event: 12165.792 Executing VM operation: Exit


Dynamic libraries:
0x00800000 - 0x00833000 	C:\Users\Samman\Downloads\arduino-nightly-windows\arduino-nightly\java\bin\javaw.exe
0x77a80000 - 0x77c23000 	C:\WINDOWS\SYSTEM32\ntdll.dll
0x76340000 - 0x76430000 	C:\WINDOWS\System32\KERNEL32.DLL
0x76520000 - 0x76734000 	C:\WINDOWS\System32\KERNELBASE.dll
0x76240000 - 0x762ba000 	C:\WINDOWS\System32\ADVAPI32.dll
0x77820000 - 0x778df000 	C:\WINDOWS\System32\msvcrt.dll
0x76880000 - 0x768f6000 	C:\WINDOWS\System32\sechost.dll
0x779b0000 - 0x77a70000 	C:\WINDOWS\System32\RPCRT4.dll
0x75ad0000 - 0x75c66000 	C:\WINDOWS\System32\USER32.dll
0x76090000 - 0x760a8000 	C:\WINDOWS\System32\win32u.dll
0x77970000 - 0x77993000 	C:\WINDOWS\System32\GDI32.dll
0x760b0000 - 0x7618b000 	C:\WINDOWS\System32\gdi32full.dll
0x767a0000 - 0x7681b000 	C:\WINDOWS\System32\msvcp_win.dll
0x759b0000 - 0x75ad0000 	C:\WINDOWS\System32\ucrtbase.dll
0x6f8d0000 - 0x6fae2000 	C:\WINDOWS\WinSxS\x86_microsoft.windows.common-controls_6595b64144ccf1df_6.0.19041.488_none_11b1e5df2ffd8627\COMCTL32.dll
0x769e0000 - 0x76a05000 	C:\WINDOWS\System32\IMM32.DLL
0x7b8c0000 - 0x7b97f000 	C:\Users\Samman\Downloads\arduino-nightly-windows\arduino-nightly\java\bin\msvcr100.dll
0x7b980000 - 0x7bd53000 	C:\Users\Samman\Downloads\arduino-nightly-windows\arduino-nightly\java\bin\client\jvm.dll
0x779a0000 - 0x779a6000 	C:\WINDOWS\System32\PSAPI.DLL
0x73bd0000 - 0x73bf8000 	C:\WINDOWS\SYSTEM32\WINMM.dll
0x75890000 - 0x75898000 	C:\WINDOWS\SYSTEM32\VERSION.dll
0x73c00000 - 0x73c08000 	C:\WINDOWS\SYSTEM32\WSOCK32.dll
0x75940000 - 0x759a3000 	C:\WINDOWS\System32\WS2_32.dll
0x5d8d0000 - 0x5d900000 	C:\Users\Samman\Downloads\arduino-nightly-windows\arduino-nightly\java\bin\splashscreen.dll
0x71900000 - 0x71974000 	C:\WINDOWS\system32\uxtheme.dll
0x75c70000 - 0x75ef1000 	C:\WINDOWS\System32\combase.dll
0x63900000 - 0x6390c000 	C:\Users\Samman\Downloads\arduino-nightly-windows\arduino-nightly\java\bin\verify.dll
0x56220000 - 0x56242000 	C:\Users\Samman\Downloads\arduino-nightly-windows\arduino-nightly\java\bin\java.dll
0x776f0000 - 0x777c4000 	C:\WINDOWS\System32\MSCTF.dll
0x77030000 - 0x770c6000 	C:\WINDOWS\System32\OLEAUT32.dll
0x524f0000 - 0x525af000 	C:\WINDOWS\system32\pmls.dll
0x76430000 - 0x76513000 	C:\WINDOWS\System32\ole32.dll
0x63fb0000 - 0x64003000 	C:\WINDOWS\system32\OLEACC.dll
0x72330000 - 0x72788000 	C:\WINDOWS\system32\WININET.dll
0x757f0000 - 0x75819000 	C:\WINDOWS\SYSTEM32\ntmarta.dll
0x73f90000 - 0x73fe2000 	C:\WINDOWS\system32\mswsock.dll
0x5f6d0000 - 0x5f6e4000 	C:\Users\Samman\Downloads\arduino-nightly-windows\arduino-nightly\java\bin\zip.dll
0x70f40000 - 0x70fb8000 	C:\WINDOWS\SYSTEM32\Schannel.dll
0x73cc0000 - 0x73ce8000 	C:\WINDOWS\SYSTEM32\SSPICLI.DLL
0x770d0000 - 0x77683000 	C:\WINDOWS\System32\Shell32.dll
0x74900000 - 0x7490f000 	C:\WINDOWS\SYSTEM32\kernel.appcore.dll
0x76900000 - 0x7695d000 	C:\WINDOWS\System32\bcryptPrimitives.dll
0x64600000 - 0x646ba000 	C:\WINDOWS\SYSTEM32\textinputframework.dll
0x642e0000 - 0x6455e000 	C:\WINDOWS\System32\CoreUIComponents.dll
0x64560000 - 0x645fb000 	C:\WINDOWS\System32\CoreMessaging.dll
0x76000000 - 0x76088000 	C:\WINDOWS\System32\SHCORE.dll
0x6ab00000 - 0x6abde000 	C:\WINDOWS\SYSTEM32\wintypes.dll
0x74960000 - 0x74f6a000 	C:\WINDOWS\SYSTEM32\windows.storage.dll
0x74930000 - 0x74954000 	C:\WINDOWS\SYSTEM32\Wldp.dll
0x777d0000 - 0x77815000 	C:\WINDOWS\System32\shlwapi.dll
0x74910000 - 0x7492d000 	C:\WINDOWS\SYSTEM32\profapi.dll
0x61940000 - 0x619b3000 	C:\Users\Samman\Downloads\arduino-nightly-windows\arduino-nightly\lib\listSerialsj.dll
0x76a10000 - 0x76e44000 	C:\WINDOWS\System32\SETUPAPI.dll
0x76840000 - 0x7687b000 	C:\WINDOWS\System32\cfgmgr32.dll
0x762c0000 - 0x762d9000 	C:\WINDOWS\System32\bcrypt.dll
0x5ce60000 - 0x5ce7d000 	C:\Users\Samman\Downloads\arduino-nightly-windows\arduino-nightly\lib\jnidispatch-4.2.2-win32-x86.dll
0x52e10000 - 0x52e25000 	C:\Users\Samman\Downloads\arduino-nightly-windows\arduino-nightly\java\bin\net.dll
0x63460000 - 0x6346f000 	C:\Users\Samman\Downloads\arduino-nightly-windows\arduino-nightly\java\bin\nio.dll
0x7bd60000 - 0x7bea7000 	C:\Users\Samman\Downloads\arduino-nightly-windows\arduino-nightly\java\bin\awt.dll
0x758a0000 - 0x7593f000 	C:\WINDOWS\SYSTEM32\apphelp.dll
0x718d0000 - 0x718f6000 	C:\WINDOWS\system32\DWMAPI.DLL
0x77de0000 - 0x77e19000 	C:\Users\Samman\Downloads\arduino-nightly-windows\arduino-nightly\java\bin\fontmanager.dll
0x5bf30000 - 0x5c033000 	C:\WINDOWS\system32\opengl32.dll
0x5b480000 - 0x5b4bf000 	C:\WINDOWS\SYSTEM32\GLU32.dll
0x77c40000 - 0x77c72000 	C:\Users\Samman\Downloads\arduino-nightly-windows\arduino-nightly\java\bin\t2k.dll
0x5d8c0000 - 0x5d8ca000 	C:\Users\Samman\Downloads\arduino-nightly-windows\arduino-nightly\java\bin\management.dll
0x73f70000 - 0x73f81000 	C:\WINDOWS\system32\napinsp.dll
0x73f50000 - 0x73f66000 	C:\WINDOWS\system32\pnrpnsp.dll
0x73f40000 - 0x73f50000 	C:\WINDOWS\system32\wshbth.dll
0x73f20000 - 0x73f36000 	C:\WINDOWS\system32\NLAapi.dll
0x751b0000 - 0x751e2000 	C:\WINDOWS\SYSTEM32\IPHLPAPI.DLL
0x73e80000 - 0x73f12000 	C:\WINDOWS\SYSTEM32\DNSAPI.dll
0x76830000 - 0x76837000 	C:\WINDOWS\System32\NSI.dll
0x73e70000 - 0x73e7e000 	C:\WINDOWS\System32\winrnr.dll
0x73c20000 - 0x73c78000 	C:\WINDOWS\System32\fwpuclnt.dll
0x73c10000 - 0x73c18000 	C:\Windows\System32\rasadhlp.dll
0x6f730000 - 0x6f744000 	C:\WINDOWS\SYSTEM32\dhcpcsvc6.DLL
0x74670000 - 0x74686000 	C:\WINDOWS\SYSTEM32\dhcpcsvc.DLL
0x6f500000 - 0x6f513000 	C:\WINDOWS\SYSTEM32\CRYPTSP.dll
0x6f480000 - 0x6f4af000 	C:\WINDOWS\system32\rsaenh.dll
0x75460000 - 0x75485000 	C:\WINDOWS\SYSTEM32\USERENV.dll
0x75580000 - 0x7558a000 	C:\WINDOWS\SYSTEM32\CRYPTBASE.dll
0x757c0000 - 0x757e4000 	C:\WINDOWS\SYSTEM32\DEVOBJ.dll
0x76e50000 - 0x76e97000 	C:\WINDOWS\System32\WINTRUST.dll
0x75f00000 - 0x75fff000 	C:\WINDOWS\System32\CRYPT32.dll
0x751a0000 - 0x751ae000 	C:\WINDOWS\SYSTEM32\MSASN1.dll
0x7beb0000 - 0x7bf19000 	C:\Users\Samman\Downloads\arduino-nightly-windows\arduino-nightly\msvcp100.dll
0x7bf20000 - 0x7bfde000 	C:\Users\Samman\Downloads\arduino-nightly-windows\arduino-nightly\msvcr100.dll
0x27010000 - 0x27042000 	C:\Users\Samman\Downloads\arduino-nightly-windows\arduino-nightly\lib\AStylej.dll
0x50000000 - 0x50024000 	C:\Users\Samman\Downloads\arduino-nightly-windows\arduino-nightly\java\bin\dcpr.dll
0x76960000 - 0x769de000 	C:\WINDOWS\System32\clbcatq.dll
0x54220000 - 0x54390000 	C:\WINDOWS\SYSTEM32\WindowsCodecs.dll
0x52df0000 - 0x52e10000 	C:\Users\Samman\Downloads\arduino-nightly-windows\arduino-nightly\java\bin\sunec.dll
0x525b0000 - 0x525b9000 	C:\Users\Samman\Downloads\arduino-nightly-windows\arduino-nightly\java\bin\sunmscapi.dll
0x5a880000 - 0x5a8ac000 	C:\WINDOWS\SYSTEM32\dxcore.dll
0x63e20000 - 0x63fa8000 	C:\WINDOWS\SYSTEM32\dbghelp.dll

VM Arguments:
jvm_args: -Dsun.java2d.d3d=false -Djna.nosys=true -Djna.nounpack=true -Djna.boot.library.name=jnidispatch-4.2.2-win32-x86 -Djna.boot.library.path=C:\Users\Samman\Downloads\arduino-nightly-windows\arduino-nightly/lib -Djssc.library.path=C:\Users\Samman\Downloads\arduino-nightly-windows\arduino-nightly/lib -DAPP_DIR=C:\Users\Samman\Downloads\arduino-nightly-windows\arduino-nightly -Xms128M -Xmx512M -Dfile.encoding=UTF8 -Djava.net.preferIPv4Stack=true 
java_command: processing.app.Base C:\Users\Samman\Desktop\Project\Project.ino
java_class_path (initial): C:\Users\Samman\Downloads\arduino-nightly-windows\arduino-nightly\lib\apple.jar;C:\Users\Samman\Downloads\arduino-nightly-windows\arduino-nightly\lib\arduino-core.jar;C:\Users\Samman\Downloads\arduino-nightly-windows\arduino-nightly\lib\batik-1.8.jar;C:\Users\Samman\Downloads\arduino-nightly-windows\arduino-nightly\lib\batik-anim-1.8.jar;C:\Users\Samman\Downloads\arduino-nightly-windows\arduino-nightly\lib\batik-awt-util-1.8.jar;C:\Users\Samman\Downloads\arduino-nightly-windows\arduino-nightly\lib\batik-bridge-1.8.jar;C:\Users\Samman\Downloads\arduino-nightly-windows\arduino-nightly\lib\batik-codec-1.8.jar;C:\Users\Samman\Downloads\arduino-nightly-windows\arduino-nightly\lib\batik-css-1.8.jar;C:\Users\Samman\Downloads\arduino-nightly-windows\arduino-nightly\lib\batik-dom-1.8.jar;C:\Users\Samman\Downloads\arduino-nightly-windows\arduino-nightly\lib\batik-ext-1.8.jar;C:\Users\Samman\Downloads\arduino-nightly-windows\arduino-nightly\lib\batik-gvt-1.8.jar;C:\Users\Samman\Downloads\arduino-nightly-windows\arduino-nightly\lib\batik-parser-1.8.jar;C:\Users\Samman\Downloads\arduino-nightly-windows\arduino-nightly\lib\batik-rasterizer-1.8.jar;C:\Users\Samman\Downloads\arduino-nightly-windows\arduino-nightly\lib\batik-script-1.8.jar;C:\Users\Samman\Downloads\arduino-nightly-windows\arduino-nightly\lib\batik-squiggle-1.8.jar;C:\Users\Samman\Downloads\arduino-nightly-windows\arduino-nightly\lib\batik-svg-dom-1.8.jar;C:\Users\Samman\Downloads\arduino-nightly-windows\arduino-nightly\lib\batik-svgpp-1.8.jar;C:\Users\Samman\Downloads\arduino-nightly-windows\arduino-nightly\lib\batik-transcoder-1.8.jar;C:\Users\Samman\Downloads\arduino-nightly-windows\arduino-nightly\lib\batik-util-1.8.jar;C:\Users\Samman\Downloads\arduino-nightly-windows\arduino-nightly\lib\batik-xml-1.8.jar;C:\Users\Samman\Downloads\arduino-nightly-windows\arduino-nightly\lib\bcpg-jdk15on-152.jar;C:\Users\Samman\Downloads\arduino-nightly-windows\arduino-nightly\lib\bcprov-jdk15on-152.j
Launcher Type: SUN_STANDARD

Environment Variables:
PATH=C:\Program Files (x86)\Razer Chroma SDK\bin;C:\Program Files\Razer Chroma SDK\bin;C:\Program Files (x86)\Razer\ChromaBroadcast\bin;C:\Program Files\Razer\ChromaBroadcast\bin;C:\Program Files (x86)\NVIDIA Corporation\PhysX\Common;C:\WINDOWS\system32;C:\WINDOWS;C:\WINDOWS\System32\Wbem;C:\WINDOWS\System32\WindowsPowerShell\v1.0\;C:\WINDOWS\System32\OpenSSH\;C:\Program Files (x86)\ATI Technologies\ATI.ACE\Core-Static;C:\WINDOWS\system32\config\systemprofile\AppData\Local\Microsoft\WindowsApps;A:\MATLAB\runtime\win64;A:\MATLAB\bin;A:\MATLAB\polyspace\bin;;C:\WINDOWS\system32;C:\WINDOWS;C:\WINDOWS\System32\Wbem;C:\WINDOWS\System32\WindowsPowerShell\v1.0\;C:\WINDOWS\System32\OpenSSH\;C:\Program Files\dotnet\;C:\Program Files (x86)\NVIDIA Corporation\PhysX\Common;C:\WINDOWS\system32;C:\WINDOWS;C:\WINDOWS\System32\Wbem;C:\WINDOWS\System32\WindowsPowerShell\v1.0\;C:\WINDOWS\System32\OpenSSH\;C:\Users\Samman\AppData\Local\Microsoft\WindowsApps;C:\Program Files\TxGameAssistant\UI;C:\Users\Samman\AppData\Local\Microsoft\WindowsApps;C:\Users\Samman\AppData\Local\GitHubDesktop\bin;C:\Users\Samman\.dotnet\tools;C:\Users\Samman\Downloads\arduino-nightly-windows\arduino-nightly\java\bin
USERNAME=Samman
OS=Windows_NT
PROCESSOR_IDENTIFIER=AMD64 Family 23 Model 113 Stepping 0, AuthenticAMD



---------------  S Y S T E M  ---------------

OS: Windows 10.0 , 64 bit Build 19041 (10.0.19041.662)

CPU:total 12 (initial active 12) (12 cores per cpu, 1 threads per core) family 23 model 113 stepping 0, cmov, cx8, fxsr, mmx, sse, sse2, sse3, ssse3, sse4.1, sse4.2, popcnt, avx, avx2, aes, clmul, mmxext, 3dnowpref, lzcnt, sse4a, tsc, tscinvbit, tscinv, bmi1

Memory: 4k page, physical 8331664k(1335328k free), swap 24060304k(9368348k free)

vm_info: Java HotSpot(TM) Client VM (25.191-b12) for windows-x86 JRE (1.8.0_191-b12), built on Oct  6 2018 08:34:23 by "java_re" with MS VC++ 10.0 (VS2010)

time: Sat Jan 16 08:05:20 2021
elapsed time: 12166 seconds (0d 3h 22m 46s)

