#
# A fatal error has been detected by the Java Runtime Environment:
#
#  EXCEPTION_ACCESS_VIOLATION (0xc0000005) at pc=0x7b988bb9, pid=23800, tid=0x00006444
#
# JRE version: Java(TM) SE Runtime Environment (8.0_191-b12) (build 1.8.0_191-b12)
# Java VM: Java HotSpot(TM) Client VM (25.191-b12 mixed mode windows-x86 )
# Problematic frame:
# V  [jvm.dll+0x8bb9]
#
# Failed to write core dump. Minidumps are not enabled by default on client versions of Windows
#
# If you would like to submit a bug report, please visit:
#   http://bugreport.java.com/bugreport/crash.jsp
#

---------------  T H R E A D  ---------------

Current thread (0x26622000):  VMThread [stack: 0x26860000,0x268b0000] [id=25668]

siginfo: ExceptionCode=0xc0000005, reading address 0x00000000

Registers:
EAX=0x0000001e, EBX=0x7773e150, ECX=0x00000000, EDX=0x7bc8f100
ESP=0x268aedf8, EBP=0x268aee00, ESI=0x00000000, EDI=0x7bc8f101
EIP=0x7b988bb9, EFLAGS=0x00010206

Top of Stack: (sp=0x268aedf8)
0x268aedf8:   26622000 268aeec4 268aee94 7bb43e80
0x268aee08:   7bc8f100 00000000 00000000 00000000
0x268aee18:   268af4b0 00000000 268af4cc 00000000
0x268aee28:   00000000 00000000 7773e150 00000000
0x268aee38:   77af5c69 00000000 00000000 00000000
0x268aee48:   00100008 00000000 2685e5f0 00000000
0x268aee58:   00d40000 268aeea0 77abce43 77ba681c
0x268aee68:   268af050 268af000 77a74660 00000000 

Instructions: (pc=0x7b988bb9)
0x7b988b99:   cc cc cc cc cc cc cc 55 8b ec 8b 55 08 56 8b c2
0x7b988ba9:   57 8b f1 8d 78 01 90 8a 08 40 84 c9 75 f9 2b c7
0x7b988bb9:   8b 3e 50 8b 47 04 52 8b ce ff d0 8b ce e8 75 fd
0x7b988bc9:   19 00 5f 5e 5d c2 04 00 cc cc cc cc cc cc cc cc 


Register to memory mapping:

EAX=
[error occurred during error reporting (printing register info), id 0xc0000005]

Stack: [0x26860000,0x268b0000],  sp=0x268aedf8,  free space=315k
Native frames: (J=compiled Java code, j=interpreted, Vv=VM code, C=native code)
V  [jvm.dll+0x8bb9]
V  [jvm.dll+0x1c3e80]
V  [jvm.dll+0x1c57b8]
C  [msvcr100.dll+0x5c556]
C  [msvcr100.dll+0x5c600]
C  [KERNEL32.DLL+0x1fa29]
C  [ntdll.dll+0x675f4]
C  [ntdll.dll+0x675c4]

VM_Operation (0x2936e9c0): Exit, mode: safepoint, requested by thread 0x28716800


---------------  P R O C E S S  ---------------

Java Threads: ( => current thread )
  0x29da8000 JavaThread "DestroyJavaVM" [_thread_blocked, id=18952, stack(0x03010000,0x03060000)]
  0x29da3c00 JavaThread "Timer-0" [_thread_blocked, id=8220, stack(0x297f0000,0x29840000)]
  0x29da7c00 JavaThread "Thread-12" [_thread_in_native, id=14888, stack(0x02e30000,0x02e80000)]
  0x29da6800 JavaThread "Thread-11" [_thread_blocked, id=2512, stack(0x2b3e0000,0x2b430000)]
  0x29da9800 JavaThread "TimerQueue" daemon [_thread_blocked, id=22012, stack(0x2b2c0000,0x2b310000)]
  0x28716400 JavaThread "Image Fetcher 0" daemon [_thread_blocked, id=12984, stack(0x2adf0000,0x2ae40000)]
  0x28717000 JavaThread "Image Fetcher 3" daemon [_thread_blocked, id=24984, stack(0x29b90000,0x29be0000)]
  0x28715c00 JavaThread "Batik CleanerThread" daemon [_thread_blocked, id=9376, stack(0x299e0000,0x29a30000)]
  0x28716800 JavaThread "AWT-EventQueue-0" [_thread_blocked, id=17316, stack(0x29320000,0x29370000)]
  0x28715400 JavaThread "AWT-Shutdown" [_thread_blocked, id=14132, stack(0x281f0000,0x28240000)]
  0x28813800 JavaThread "JmmDNS pool-3-thread-1" [_thread_blocked, id=18756, stack(0x29760000,0x297b0000)]
  0x28811000 JavaThread "JmDNS(DESKTOP-P060LRC.local.).State.Timer" [_thread_blocked, id=25552, stack(0x296d0000,0x29720000)]
  0x28810800 JavaThread "JmDNS(DESKTOP-P060LRC.local.).Timer" daemon [_thread_blocked, id=24944, stack(0x29640000,0x29690000)]
  0x28810400 JavaThread "SocketListener(DESKTOP-P060LRC.local.)" daemon [_thread_in_native, id=26348, stack(0x274b0000,0x27500000)]
  0x26e5ec00 JavaThread "Multihomed mDNS.Timer" daemon [_thread_blocked, id=21644, stack(0x29290000,0x292e0000)]
  0x27095400 JavaThread "Java2D Disposer" daemon [_thread_blocked, id=24864, stack(0x27420000,0x27470000)]
  0x266ae000 JavaThread "Service Thread" daemon [_thread_blocked, id=1864, stack(0x26cc0000,0x26d10000)]
  0x26687000 JavaThread "C1 CompilerThread0" daemon [_thread_blocked, id=26032, stack(0x26c30000,0x26c80000)]
  0x26684c00 JavaThread "Attach Listener" daemon [_thread_blocked, id=15072, stack(0x26ba0000,0x26bf0000)]
  0x2665a400 JavaThread "Signal Dispatcher" daemon [_thread_blocked, id=24992, stack(0x26b10000,0x26b60000)]
  0x2663d800 JavaThread "Finalizer" daemon [_thread_blocked, id=23432, stack(0x26980000,0x269d0000)]
  0x26637800 JavaThread "Reference Handler" daemon [_thread_blocked, id=20624, stack(0x268f0000,0x26940000)]

Other Threads:
=>0x26622000 VMThread [stack: 0x26860000,0x268b0000] [id=25668]

VM state:at safepoint (shutting down)

VM Mutex/Monitor currently owned by a thread:  ([mutex/lock_event])
[0x02ed0d78] Threads_lock - owner thread: 0x26622000

Heap:
 def new generation   total 39424K, used 11016K [0x05800000, 0x082c0000, 0x102a0000)
  eden space 35072K,  19% used [0x05800000, 0x05e82030, 0x07a40000)
  from space 4352K, 100% used [0x07a40000, 0x07e80000, 0x07e80000)
  to   space 4352K,   0% used [0x07e80000, 0x07e80000, 0x082c0000)
 tenured generation   total 87424K, used 54774K [0x102a0000, 0x15800000, 0x25800000)
   the space 87424K,  62% used [0x102a0000, 0x1381db00, 0x1381dc00, 0x15800000)
 Metaspace       used 23234K, capacity 23683K, committed 23808K, reserved 23936K

Card table byte_map: [0x25800000,0x25910000] byte_map_base: 0x257d4000

Polling page: 0x01180000

CodeCache: size=32768Kb used=3133Kb max_used=3133Kb free=29634Kb
 bounds [0x03520000, 0x03830000, 0x05520000]
 total_blobs=1916 nmethods=1628 adapters=218
 compilation: enabled

Compilation events (10 events):
Event: 3.180 Thread 0x26687000 1651             java.nio.Buffer::<init> (121 bytes)
Event: 3.180 Thread 0x26687000 nmethod 1651 0x0382e308 code [0x0382e4c0, 0x0382e9dc]
Event: 3.180 Thread 0x26687000 1652             java.nio.ByteBuffer::arrayOffset (35 bytes)
Event: 3.180 Thread 0x26687000 nmethod 1652 0x0382ee88 code [0x0382efa0, 0x0382f108]
Event: 3.180 Thread 0x26687000 1653  s          java.util.Hashtable::containsKey (65 bytes)
Event: 3.181 Thread 0x26687000 nmethod 1653 0x0382f208 code [0x0382f330, 0x0382f5f8]
Event: 3.181 Thread 0x26687000 1654             java.util.logging.LogManager$LoggerContext::getOwner (5 bytes)
Event: 3.181 Thread 0x26687000 nmethod 1654 0x0382f788 code [0x0382f880, 0x0382f900]
Event: 3.181 Thread 0x26687000 1655             java.util.concurrent.locks.ReentrantLock::unlock (10 bytes)
Event: 3.181 Thread 0x26687000 nmethod 1655 0x0382f948 code [0x0382fa60, 0x0382fb58]

GC Heap History (10 events):
Event: 0.673 GC heap before
{Heap before GC invocations=1 (full 0):
 def new generation   total 39296K, used 39296K [0x05800000, 0x082a0000, 0x102a0000)
  eden space 34944K, 100% used [0x05800000, 0x07a20000, 0x07a20000)
  from space 4352K, 100% used [0x07e60000, 0x082a0000, 0x082a0000)
  to   space 4352K,   0% used [0x07a20000, 0x07a20000, 0x07e60000)
 tenured generation   total 87424K, used 3004K [0x102a0000, 0x15800000, 0x25800000)
   the space 87424K,   3% used [0x102a0000, 0x1058f120, 0x1058f200, 0x15800000)
 Metaspace       used 11114K, capacity 11317K, committed 11392K, reserved 11648K
Event: 0.693 GC heap after
Heap after GC invocations=2 (full 0):
 def new generation   total 39296K, used 4352K [0x05800000, 0x082a0000, 0x102a0000)
  eden space 34944K,   0% used [0x05800000, 0x05800000, 0x07a20000)
  from space 4352K, 100% used [0x07a20000, 0x07e60000, 0x07e60000)
  to   space 4352K,   0% used [0x07e60000, 0x07e60000, 0x082a0000)
 tenured generation   total 87424K, used 12609K [0x102a0000, 0x15800000, 0x25800000)
   the space 87424K,  14% used [0x102a0000, 0x10ef05a0, 0x10ef0600, 0x15800000)
 Metaspace       used 11114K, capacity 11317K, committed 11392K, reserved 11648K
}
Event: 0.887 GC heap before
{Heap before GC invocations=2 (full 0):
 def new generation   total 39296K, used 37873K [0x05800000, 0x082a0000, 0x102a0000)
  eden space 34944K,  95% used [0x05800000, 0x078bc748, 0x07a20000)
  from space 4352K, 100% used [0x07a20000, 0x07e60000, 0x07e60000)
  to   space 4352K,   0% used [0x07e60000, 0x07e60000, 0x082a0000)
 tenured generation   total 87424K, used 12609K [0x102a0000, 0x15800000, 0x25800000)
   the space 87424K,  14% used [0x102a0000, 0x10ef05a0, 0x10ef0600, 0x15800000)
 Metaspace       used 12058K, capacity 12282K, committed 12288K, reserved 12672K
Event: 0.937 GC heap after
Heap after GC invocations=3 (full 1):
 def new generation   total 39424K, used 0K [0x05800000, 0x082c0000, 0x102a0000)
  eden space 35072K,   0% used [0x05800000, 0x05800000, 0x07a40000)
  from space 4352K,   0% used [0x07a40000, 0x07a40000, 0x07e80000)
  to   space 4352K,   0% used [0x07e80000, 0x07e80000, 0x082c0000)
 tenured generation   total 87424K, used 40036K [0x102a0000, 0x15800000, 0x25800000)
   the space 87424K,  45% used [0x102a0000, 0x129b90c8, 0x129b9200, 0x15800000)
 Metaspace       used 12058K, capacity 12282K, committed 12288K, reserved 12672K
}
Event: 1.352 GC heap before
{Heap before GC invocations=3 (full 1):
 def new generation   total 39424K, used 35072K [0x05800000, 0x082c0000, 0x102a0000)
  eden space 35072K, 100% used [0x05800000, 0x07a40000, 0x07a40000)
  from space 4352K,   0% used [0x07a40000, 0x07a40000, 0x07e80000)
  to   space 4352K,   0% used [0x07e80000, 0x07e80000, 0x082c0000)
 tenured generation   total 87424K, used 40036K [0x102a0000, 0x15800000, 0x25800000)
   the space 87424K,  45% used [0x102a0000, 0x129b90c8, 0x129b9200, 0x15800000)
 Metaspace       used 16377K, capacity 16642K, committed 16768K, reserved 16768K
Event: 1.361 GC heap after
Heap after GC invocations=4 (full 1):
 def new generation   total 39424K, used 4352K [0x05800000, 0x082c0000, 0x102a0000)
  eden space 35072K,   0% used [0x05800000, 0x05800000, 0x07a40000)
  from space 4352K, 100% used [0x07e80000, 0x082c0000, 0x082c0000)
  to   space 4352K,   0% used [0x07a40000, 0x07a40000, 0x07e80000)
 tenured generation   total 87424K, used 40150K [0x102a0000, 0x15800000, 0x25800000)
   the space 87424K,  45% used [0x102a0000, 0x129d5830, 0x129d5a00, 0x15800000)
 Metaspace       used 16377K, capacity 16642K, committed 16768K, reserved 16768K
}
Event: 2.130 GC heap before
{Heap before GC invocations=4 (full 1):
 def new generation   total 39424K, used 33337K [0x05800000, 0x082c0000, 0x102a0000)
  eden space 35072K,  82% used [0x05800000, 0x0744e7a0, 0x07a40000)
  from space 4352K, 100% used [0x07e80000, 0x082c0000, 0x082c0000)
  to   space 4352K,   0% used [0x07a40000, 0x07a40000, 0x07e80000)
 tenured generation   total 87424K, used 40150K [0x102a0000, 0x15800000, 0x25800000)
   the space 87424K,  45% used [0x102a0000, 0x129d5830, 0x129d5a00, 0x15800000)
 Metaspace       used 20028K, capacity 20412K, committed 20480K, reserved 20864K
Event: 2.182 GC heap after
Heap after GC invocations=5 (full 2):
 def new generation   total 39424K, used 0K [0x05800000, 0x082c0000, 0x102a0000)
  eden space 35072K,   0% used [0x05800000, 0x05800000, 0x07a40000)
  from space 4352K,   0% used [0x07e80000, 0x07e80000, 0x082c0000)
  to   space 4352K,   0% used [0x07a40000, 0x07a40000, 0x07e80000)
 tenured generation   total 87424K, used 45723K [0x102a0000, 0x15800000, 0x25800000)
   the space 87424K,  52% used [0x102a0000, 0x12f46f30, 0x12f47000, 0x15800000)
 Metaspace       used 20028K, capacity 20412K, committed 20480K, reserved 20864K
}
Event: 2.698 GC heap before
{Heap before GC invocations=5 (full 2):
 def new generation   total 39424K, used 35072K [0x05800000, 0x082c0000, 0x102a0000)
  eden space 35072K, 100% used [0x05800000, 0x07a40000, 0x07a40000)
  from space 4352K,   0% used [0x07e80000, 0x07e80000, 0x082c0000)
  to   space 4352K,   0% used [0x07a40000, 0x07a40000, 0x07e80000)
 tenured generation   total 87424K, used 45723K [0x102a0000, 0x15800000, 0x25800000)
   the space 87424K,  52% used [0x102a0000, 0x12f46f30, 0x12f47000, 0x15800000)
 Metaspace       used 22830K, capacity 23264K, committed 23424K, reserved 23936K
Event: 2.709 GC heap after
Heap after GC invocations=6 (full 2):
 def new generation   total 39424K, used 4352K [0x05800000, 0x082c0000, 0x102a0000)
  eden space 35072K,   0% used [0x05800000, 0x05800000, 0x07a40000)
  from space 4352K, 100% used [0x07a40000, 0x07e80000, 0x07e80000)
  to   space 4352K,   0% used [0x07e80000, 0x07e80000, 0x082c0000)
 tenured generation   total 87424K, used 54774K [0x102a0000, 0x15800000, 0x25800000)
   the space 87424K,  62% used [0x102a0000, 0x1381db00, 0x1381dc00, 0x15800000)
 Metaspace       used 22830K, capacity 23264K, committed 23424K, reserved 23936K
}

Deoptimization events (0 events):
No events

Classes redefined (0 events):
No events

Internal exceptions (10 events):
Event: 1.345 Thread 0x02ed1400 Exception <a 'sun/nio/fs/WindowsException'> (0x0792e0a0) thrown at [C:\workspace\8-2-build-windows-i586-cygwin\jdk8u191\11896\hotspot\src\share\vm\prims\jni.cpp, line 709]
Event: 1.345 Thread 0x02ed1400 Exception <a 'sun/nio/fs/WindowsException'> (0x07938498) thrown at [C:\workspace\8-2-build-windows-i586-cygwin\jdk8u191\11896\hotspot\src\share\vm\prims\jni.cpp, line 709]
Event: 1.345 Thread 0x02ed1400 Exception <a 'sun/nio/fs/WindowsException'> (0x07938bf8) thrown at [C:\workspace\8-2-build-windows-i586-cygwin\jdk8u191\11896\hotspot\src\share\vm\prims\jni.cpp, line 709]
Event: 1.345 Thread 0x02ed1400 Exception <a 'sun/nio/fs/WindowsException'> (0x07942d18) thrown at [C:\workspace\8-2-build-windows-i586-cygwin\jdk8u191\11896\hotspot\src\share\vm\prims\jni.cpp, line 709]
Event: 1.346 Thread 0x02ed1400 Exception <a 'sun/nio/fs/WindowsException'> (0x07943478) thrown at [C:\workspace\8-2-build-windows-i586-cygwin\jdk8u191\11896\hotspot\src\share\vm\prims\jni.cpp, line 709]
Event: 1.346 Thread 0x02ed1400 Exception <a 'sun/nio/fs/WindowsException'> (0x0794e158) thrown at [C:\workspace\8-2-build-windows-i586-cygwin\jdk8u191\11896\hotspot\src\share\vm\prims\jni.cpp, line 709]
Event: 1.346 Thread 0x02ed1400 Exception <a 'sun/nio/fs/WindowsException'> (0x0794e760) thrown at [C:\workspace\8-2-build-windows-i586-cygwin\jdk8u191\11896\hotspot\src\share\vm\prims\jni.cpp, line 709]
Event: 1.347 Thread 0x02ed1400 Exception <a 'sun/nio/fs/WindowsException'> (0x07959a38) thrown at [C:\workspace\8-2-build-windows-i586-cygwin\jdk8u191\11896\hotspot\src\share\vm\prims\jni.cpp, line 709]
Event: 1.347 Thread 0x02ed1400 Exception <a 'sun/nio/fs/WindowsException'> (0x0795a040) thrown at [C:\workspace\8-2-build-windows-i586-cygwin\jdk8u191\11896\hotspot\src\share\vm\prims\jni.cpp, line 709]
Event: 3.179 Thread 0x28716800 Exception <a 'java/lang/NullPointerException'> (0x05970bf8) thrown at [C:\workspace\8-2-build-windows-i586-cygwin\jdk8u191\11896\hotspot\src\share\vm\interpreter\linkResolver.cpp, line 1185]

Events (10 events):
Event: 3.181 Thread 0x26e71400 Thread exited: 0x26e71400
Event: 3.181 Thread 0x29da8800 Thread exited: 0x29da8800
Event: 3.181 loading class javax/jmdns/impl/tasks/state/Canceler
Event: 3.181 loading class javax/jmdns/impl/tasks/state/Canceler done
Event: 3.181 Thread 0x29da6c00 Thread exited: 0x29da6c00
Event: 3.181 Thread 0x29da7400 Thread exited: 0x29da7400
Event: 3.181 Thread 0x29da3400 Thread exited: 0x29da3400
Event: 3.191 Thread 0x270a0000 Thread exited: 0x270a0000
Event: 3.282 Thread 0x29da5c00 Thread exited: 0x29da5c00
Event: 3.282 Executing VM operation: Exit


Dynamic libraries:
0x00800000 - 0x00833000 	C:\Users\Samman\Downloads\arduino-nightly-windows\arduino-nightly\java\bin\javaw.exe
0x77a80000 - 0x77c23000 	C:\WINDOWS\SYSTEM32\ntdll.dll
0x76340000 - 0x76430000 	C:\WINDOWS\System32\KERNEL32.DLL
0x76520000 - 0x76734000 	C:\WINDOWS\System32\KERNELBASE.dll
0x76240000 - 0x762ba000 	C:\WINDOWS\System32\ADVAPI32.dll
0x77820000 - 0x778df000 	C:\WINDOWS\System32\msvcrt.dll
0x76880000 - 0x768f6000 	C:\WINDOWS\System32\sechost.dll
0x779b0000 - 0x77a70000 	C:\WINDOWS\System32\RPCRT4.dll
0x75ad0000 - 0x75c66000 	C:\WINDOWS\System32\USER32.dll
0x76090000 - 0x760a8000 	C:\WINDOWS\System32\win32u.dll
0x77970000 - 0x77993000 	C:\WINDOWS\System32\GDI32.dll
0x760b0000 - 0x7618b000 	C:\WINDOWS\System32\gdi32full.dll
0x767a0000 - 0x7681b000 	C:\WINDOWS\System32\msvcp_win.dll
0x759b0000 - 0x75ad0000 	C:\WINDOWS\System32\ucrtbase.dll
0x6f8d0000 - 0x6fae2000 	C:\WINDOWS\WinSxS\x86_microsoft.windows.common-controls_6595b64144ccf1df_6.0.19041.488_none_11b1e5df2ffd8627\COMCTL32.dll
0x769e0000 - 0x76a05000 	C:\WINDOWS\System32\IMM32.DLL
0x7b8c0000 - 0x7b97f000 	C:\Users\Samman\Downloads\arduino-nightly-windows\arduino-nightly\java\bin\msvcr100.dll
0x7b980000 - 0x7bd53000 	C:\Users\Samman\Downloads\arduino-nightly-windows\arduino-nightly\java\bin\client\jvm.dll
0x779a0000 - 0x779a6000 	C:\WINDOWS\System32\PSAPI.DLL
0x75890000 - 0x75898000 	C:\WINDOWS\SYSTEM32\VERSION.dll
0x73c00000 - 0x73c08000 	C:\WINDOWS\SYSTEM32\WSOCK32.dll
0x73bd0000 - 0x73bf8000 	C:\WINDOWS\SYSTEM32\WINMM.dll
0x75940000 - 0x759a3000 	C:\WINDOWS\System32\WS2_32.dll
0x5d8d0000 - 0x5d900000 	C:\Users\Samman\Downloads\arduino-nightly-windows\arduino-nightly\java\bin\splashscreen.dll
0x71900000 - 0x71974000 	C:\WINDOWS\system32\uxtheme.dll
0x75c70000 - 0x75ef1000 	C:\WINDOWS\System32\combase.dll
0x63900000 - 0x6390c000 	C:\Users\Samman\Downloads\arduino-nightly-windows\arduino-nightly\java\bin\verify.dll
0x776f0000 - 0x777c4000 	C:\WINDOWS\System32\MSCTF.dll
0x77030000 - 0x770c6000 	C:\WINDOWS\System32\OLEAUT32.dll
0x56220000 - 0x56242000 	C:\Users\Samman\Downloads\arduino-nightly-windows\arduino-nightly\java\bin\java.dll
0x524f0000 - 0x525af000 	C:\WINDOWS\system32\pmls.dll
0x76430000 - 0x76513000 	C:\WINDOWS\System32\ole32.dll
0x72330000 - 0x72788000 	C:\WINDOWS\system32\WININET.dll
0x63fb0000 - 0x64003000 	C:\WINDOWS\system32\OLEACC.dll
0x757f0000 - 0x75819000 	C:\WINDOWS\SYSTEM32\ntmarta.dll
0x73f90000 - 0x73fe2000 	C:\WINDOWS\system32\mswsock.dll
0x5f6d0000 - 0x5f6e4000 	C:\Users\Samman\Downloads\arduino-nightly-windows\arduino-nightly\java\bin\zip.dll
0x70f40000 - 0x70fb8000 	C:\WINDOWS\SYSTEM32\Schannel.dll
0x73cc0000 - 0x73ce8000 	C:\WINDOWS\SYSTEM32\SSPICLI.DLL
0x770d0000 - 0x77683000 	C:\WINDOWS\System32\Shell32.dll
0x74900000 - 0x7490f000 	C:\WINDOWS\SYSTEM32\kernel.appcore.dll
0x76900000 - 0x7695d000 	C:\WINDOWS\System32\bcryptPrimitives.dll
0x64600000 - 0x646ba000 	C:\WINDOWS\SYSTEM32\textinputframework.dll
0x642e0000 - 0x6455e000 	C:\WINDOWS\System32\CoreUIComponents.dll
0x64560000 - 0x645fb000 	C:\WINDOWS\System32\CoreMessaging.dll
0x76000000 - 0x76088000 	C:\WINDOWS\System32\SHCORE.dll
0x6ab00000 - 0x6abde000 	C:\WINDOWS\SYSTEM32\wintypes.dll
0x74960000 - 0x74f6a000 	C:\WINDOWS\SYSTEM32\windows.storage.dll
0x74930000 - 0x74954000 	C:\WINDOWS\SYSTEM32\Wldp.dll
0x777d0000 - 0x77815000 	C:\WINDOWS\System32\shlwapi.dll
0x74910000 - 0x7492d000 	C:\WINDOWS\SYSTEM32\profapi.dll
0x61940000 - 0x619b3000 	C:\Users\Samman\Downloads\arduino-nightly-windows\arduino-nightly\lib\listSerialsj.dll
0x76a10000 - 0x76e44000 	C:\WINDOWS\System32\SETUPAPI.dll
0x76840000 - 0x7687b000 	C:\WINDOWS\System32\cfgmgr32.dll
0x762c0000 - 0x762d9000 	C:\WINDOWS\System32\bcrypt.dll
0x5ce60000 - 0x5ce7d000 	C:\Users\Samman\Downloads\arduino-nightly-windows\arduino-nightly\lib\jnidispatch-4.2.2-win32-x86.dll
0x52e10000 - 0x52e25000 	C:\Users\Samman\Downloads\arduino-nightly-windows\arduino-nightly\java\bin\net.dll
0x63460000 - 0x6346f000 	C:\Users\Samman\Downloads\arduino-nightly-windows\arduino-nightly\java\bin\nio.dll
0x7bd60000 - 0x7bea7000 	C:\Users\Samman\Downloads\arduino-nightly-windows\arduino-nightly\java\bin\awt.dll
0x758a0000 - 0x7593f000 	C:\WINDOWS\SYSTEM32\apphelp.dll
0x718d0000 - 0x718f6000 	C:\WINDOWS\system32\DWMAPI.DLL
0x77de0000 - 0x77e19000 	C:\Users\Samman\Downloads\arduino-nightly-windows\arduino-nightly\java\bin\fontmanager.dll
0x5bf30000 - 0x5c033000 	C:\WINDOWS\system32\opengl32.dll
0x5b480000 - 0x5b4bf000 	C:\WINDOWS\SYSTEM32\GLU32.dll
0x77c40000 - 0x77c72000 	C:\Users\Samman\Downloads\arduino-nightly-windows\arduino-nightly\java\bin\t2k.dll
0x5d8c0000 - 0x5d8ca000 	C:\Users\Samman\Downloads\arduino-nightly-windows\arduino-nightly\java\bin\management.dll
0x73f70000 - 0x73f81000 	C:\WINDOWS\system32\napinsp.dll
0x73f50000 - 0x73f66000 	C:\WINDOWS\system32\pnrpnsp.dll
0x73f40000 - 0x73f50000 	C:\WINDOWS\system32\wshbth.dll
0x73f20000 - 0x73f36000 	C:\WINDOWS\system32\NLAapi.dll
0x751b0000 - 0x751e2000 	C:\WINDOWS\SYSTEM32\IPHLPAPI.DLL
0x73e80000 - 0x73f12000 	C:\WINDOWS\SYSTEM32\DNSAPI.dll
0x76830000 - 0x76837000 	C:\WINDOWS\System32\NSI.dll
0x73e70000 - 0x73e7e000 	C:\WINDOWS\System32\winrnr.dll
0x73c20000 - 0x73c78000 	C:\WINDOWS\System32\fwpuclnt.dll
0x73c10000 - 0x73c18000 	C:\Windows\System32\rasadhlp.dll
0x6f730000 - 0x6f744000 	C:\WINDOWS\SYSTEM32\dhcpcsvc6.DLL
0x74670000 - 0x74686000 	C:\WINDOWS\SYSTEM32\dhcpcsvc.DLL
0x6f500000 - 0x6f513000 	C:\WINDOWS\SYSTEM32\CRYPTSP.dll
0x6f480000 - 0x6f4af000 	C:\WINDOWS\system32\rsaenh.dll
0x75460000 - 0x75485000 	C:\WINDOWS\SYSTEM32\USERENV.dll
0x75580000 - 0x7558a000 	C:\WINDOWS\SYSTEM32\CRYPTBASE.dll
0x757c0000 - 0x757e4000 	C:\WINDOWS\SYSTEM32\DEVOBJ.dll
0x76e50000 - 0x76e97000 	C:\WINDOWS\System32\WINTRUST.dll
0x75f00000 - 0x75fff000 	C:\WINDOWS\System32\CRYPT32.dll
0x751a0000 - 0x751ae000 	C:\WINDOWS\SYSTEM32\MSASN1.dll
0x7beb0000 - 0x7bf19000 	C:\Users\Samman\Downloads\arduino-nightly-windows\arduino-nightly\msvcp100.dll
0x7bf20000 - 0x7bfde000 	C:\Users\Samman\Downloads\arduino-nightly-windows\arduino-nightly\msvcr100.dll
0x29960000 - 0x29992000 	C:\Users\Samman\Downloads\arduino-nightly-windows\arduino-nightly\lib\AStylej.dll
0x50000000 - 0x50024000 	C:\Users\Samman\Downloads\arduino-nightly-windows\arduino-nightly\java\bin\dcpr.dll
0x76960000 - 0x769de000 	C:\WINDOWS\System32\clbcatq.dll
0x54220000 - 0x54390000 	C:\WINDOWS\SYSTEM32\WindowsCodecs.dll
0x52df0000 - 0x52e10000 	C:\Users\Samman\Downloads\arduino-nightly-windows\arduino-nightly\java\bin\sunec.dll
0x525b0000 - 0x525b9000 	C:\Users\Samman\Downloads\arduino-nightly-windows\arduino-nightly\java\bin\sunmscapi.dll
0x5a880000 - 0x5a8ac000 	C:\WINDOWS\SYSTEM32\dxcore.dll
0x63e20000 - 0x63fa8000 	C:\WINDOWS\SYSTEM32\dbghelp.dll

VM Arguments:
jvm_args: -Dsun.java2d.d3d=false -Djna.nosys=true -Djna.nounpack=true -Djna.boot.library.name=jnidispatch-4.2.2-win32-x86 -Djna.boot.library.path=C:\Users\Samman\Downloads\arduino-nightly-windows\arduino-nightly/lib -Djssc.library.path=C:\Users\Samman\Downloads\arduino-nightly-windows\arduino-nightly/lib -DAPP_DIR=C:\Users\Samman\Downloads\arduino-nightly-windows\arduino-nightly -Xms128M -Xmx512M -Dfile.encoding=UTF8 -Djava.net.preferIPv4Stack=true 
java_command: processing.app.Base C:\Users\Samman\Desktop\Project\Project.ino
java_class_path (initial): C:\Users\Samman\Downloads\arduino-nightly-windows\arduino-nightly\lib\apple.jar;C:\Users\Samman\Downloads\arduino-nightly-windows\arduino-nightly\lib\arduino-core.jar;C:\Users\Samman\Downloads\arduino-nightly-windows\arduino-nightly\lib\batik-1.8.jar;C:\Users\Samman\Downloads\arduino-nightly-windows\arduino-nightly\lib\batik-anim-1.8.jar;C:\Users\Samman\Downloads\arduino-nightly-windows\arduino-nightly\lib\batik-awt-util-1.8.jar;C:\Users\Samman\Downloads\arduino-nightly-windows\arduino-nightly\lib\batik-bridge-1.8.jar;C:\Users\Samman\Downloads\arduino-nightly-windows\arduino-nightly\lib\batik-codec-1.8.jar;C:\Users\Samman\Downloads\arduino-nightly-windows\arduino-nightly\lib\batik-css-1.8.jar;C:\Users\Samman\Downloads\arduino-nightly-windows\arduino-nightly\lib\batik-dom-1.8.jar;C:\Users\Samman\Downloads\arduino-nightly-windows\arduino-nightly\lib\batik-ext-1.8.jar;C:\Users\Samman\Downloads\arduino-nightly-windows\arduino-nightly\lib\batik-gvt-1.8.jar;C:\Users\Samman\Downloads\arduino-nightly-windows\arduino-nightly\lib\batik-parser-1.8.jar;C:\Users\Samman\Downloads\arduino-nightly-windows\arduino-nightly\lib\batik-rasterizer-1.8.jar;C:\Users\Samman\Downloads\arduino-nightly-windows\arduino-nightly\lib\batik-script-1.8.jar;C:\Users\Samman\Downloads\arduino-nightly-windows\arduino-nightly\lib\batik-squiggle-1.8.jar;C:\Users\Samman\Downloads\arduino-nightly-windows\arduino-nightly\lib\batik-svg-dom-1.8.jar;C:\Users\Samman\Downloads\arduino-nightly-windows\arduino-nightly\lib\batik-svgpp-1.8.jar;C:\Users\Samman\Downloads\arduino-nightly-windows\arduino-nightly\lib\batik-transcoder-1.8.jar;C:\Users\Samman\Downloads\arduino-nightly-windows\arduino-nightly\lib\batik-util-1.8.jar;C:\Users\Samman\Downloads\arduino-nightly-windows\arduino-nightly\lib\batik-xml-1.8.jar;C:\Users\Samman\Downloads\arduino-nightly-windows\arduino-nightly\lib\bcpg-jdk15on-152.jar;C:\Users\Samman\Downloads\arduino-nightly-windows\arduino-nightly\lib\bcprov-jdk15on-152.j
Launcher Type: SUN_STANDARD

Environment Variables:
PATH=C:\Program Files (x86)\Razer Chroma SDK\bin;C:\Program Files\Razer Chroma SDK\bin;C:\Program Files (x86)\Razer\ChromaBroadcast\bin;C:\Program Files\Razer\ChromaBroadcast\bin;C:\Program Files (x86)\NVIDIA Corporation\PhysX\Common;C:\WINDOWS\system32;C:\WINDOWS;C:\WINDOWS\System32\Wbem;C:\WINDOWS\System32\WindowsPowerShell\v1.0\;C:\WINDOWS\System32\OpenSSH\;C:\Program Files (x86)\ATI Technologies\ATI.ACE\Core-Static;C:\WINDOWS\system32\config\systemprofile\AppData\Local\Microsoft\WindowsApps;A:\MATLAB\runtime\win64;A:\MATLAB\bin;A:\MATLAB\polyspace\bin;;C:\WINDOWS\system32;C:\WINDOWS;C:\WINDOWS\System32\Wbem;C:\WINDOWS\System32\WindowsPowerShell\v1.0\;C:\WINDOWS\System32\OpenSSH\;C:\Program Files\dotnet\;C:\Program Files (x86)\NVIDIA Corporation\PhysX\Common;C:\WINDOWS\system32;C:\WINDOWS;C:\WINDOWS\System32\Wbem;C:\WINDOWS\System32\WindowsPowerShell\v1.0\;C:\WINDOWS\System32\OpenSSH\;C:\Users\Samman\AppData\Local\Microsoft\WindowsApps;C:\Program Files\TxGameAssistant\UI;C:\Users\Samman\AppData\Local\Microsoft\WindowsApps;C:\Users\Samman\AppData\Local\GitHubDesktop\bin;C:\Users\Samman\.dotnet\tools;C:\Users\Samman\Downloads\arduino-nightly-windows\arduino-nightly\java\bin
USERNAME=Samman
OS=Windows_NT
PROCESSOR_IDENTIFIER=AMD64 Family 23 Model 113 Stepping 0, AuthenticAMD



---------------  S Y S T E M  ---------------

OS: Windows 10.0 , 64 bit Build 19041 (10.0.19041.662)

CPU:total 12 (initial active 12) (12 cores per cpu, 1 threads per core) family 23 model 113 stepping 0, cmov, cx8, fxsr, mmx, sse, sse2, sse3, ssse3, sse4.1, sse4.2, popcnt, avx, avx2, aes, clmul, mmxext, 3dnowpref, lzcnt, sse4a, tsc, tscinvbit, tscinv, bmi1

Memory: 4k page, physical 8331664k(1622516k free), swap 24060304k(10279964k free)

vm_info: Java HotSpot(TM) Client VM (25.191-b12) for windows-x86 JRE (1.8.0_191-b12), built on Oct  6 2018 08:34:23 by "java_re" with MS VC++ 10.0 (VS2010)

time: Sat Jan 16 08:22:41 2021
elapsed time: 3 seconds (0d 0h 0m 3s)

